<?xml version="1.0" encoding="UTF-8"?>
<!-- Generated by org.testng.reporters.JUnitReportReporter -->
<testsuite skipped="0" hostname="LAPTOP-2P2P5LU3" name="com.wbl.AutomationFramework1.HomePageTest" tests="3" failures="0" timestamp="07 Nov 2019 07:06:31 GMT" time="54.663" errors="0">
  <testcase name="searchTest" time="23.342" classname="com.wbl.AutomationFramework1.HomePageTest"/>
  <testcase name="footerlinksTest" time="14.849" classname="com.wbl.AutomationFramework1.HomePageTest"/>
  <testcase name="headerNavLinkTest" time="16.472" classname="com.wbl.AutomationFramework1.HomePageTest"/>
</testsuite> <!-- com.wbl.AutomationFramework1.HomePageTest -->
