<?xml version="1.0" encoding="UTF-8"?>
<!-- Generated by org.testng.reporters.JUnitReportReporter -->
<testsuite name="com.wbl.AutomationFramework1.HomePageTest" tests="3" time="53.461" ignored="0" failures="0" timestamp="07 Nov 2019 07:10:40 GMT" skipped="0" hostname="LAPTOP-2P2P5LU3" errors="0">
  <testcase name="searchTest" time="20.791" classname="com.wbl.AutomationFramework1.HomePageTest"/>
  <testcase name="headerNavLinkTest" time="16.563" classname="com.wbl.AutomationFramework1.HomePageTest"/>
  <testcase name="footerlinksTest" time="16.107" classname="com.wbl.AutomationFramework1.HomePageTest"/>
</testsuite> <!-- com.wbl.AutomationFramework1.HomePageTest -->
